[ Info: Oceananigans will use 64 threads
number of threads is 64
mainnm = 3, runnm = 8, lat = 20.0
running AMZexpt03.08
stop_time: 1.728e6; lat: 20.0; select mode: [1]
["N2w", "zfw", "lonsel", "latsel"]
Δx = 4.0 km
Δz = 37.38317757009346 m on average
EIG_AMZexpt03.08_LAT_20.0.jld2 Ueig data saved ........ 
Mode 1 wavelength is 113.6 km
fraction gauss_width/L1 is 0.141
┌ Warning: Overwriting existing /home/mbui/ModelOutput/IW/AMZexpt03.08.nc.
└ @ OceananigansNCDatasetsExt ~/.julia/packages/Oceananigans/br1rI/ext/OceananigansNCDatasetsExt/netcdf_writer.jl:191
[ Info: Initializing simulation...
Iter:      0, sim time: 0 seconds , wall time:  0 seconds, Δt:  60.0000, advective CFL: 0.00e+00, diffusive CFL: 6.00e-01
[ Info:     ... simulation initialization complete (14.456 seconds)
[ Info: Executing initial time step...
[ Info:     ... initial time step complete (9.937 seconds).
Iter:    100, sim time: 2.750 hours , wall time: 25.741 seconds, Δt:  155.6245, advective CFL: 9.67e-03, diffusive CFL: 1.56e+00
Iter:    200, sim time: 9.362 hours , wall time: 27.024 seconds, Δt:  403.6500, advective CFL: 9.57e-02, diffusive CFL: 4.04e+00
Iter:    300, sim time: 21.417 hours , wall time: 28.523 seconds, Δt:  600.0000, advective CFL: 3.86e-01, diffusive CFL: 6.00e+00
Iter:    400, sim time: 1.413 days , wall time: 30.025 seconds, Δt:  600.0000, advective CFL: 6.35e-01, diffusive CFL: 6.00e+00
Iter:    500, sim time: 1.879 days , wall time: 31.401 seconds, Δt:  365.2466, advective CFL: 8.19e-01, diffusive CFL: 3.65e+00
Iter:    600, sim time: 2.198 days , wall time: 32.501 seconds, Δt:  295.9753, advective CFL: 8.75e-01, diffusive CFL: 2.96e+00
Iter:    700, sim time: 2.458 days , wall time: 33.516 seconds, Δt:  245.0953, advective CFL: 7.16e-01, diffusive CFL: 2.45e+00
Iter:    800, sim time: 2.714 days , wall time: 34.536 seconds, Δt:  229.5905, advective CFL: 7.60e-01, diffusive CFL: 2.30e+00
Iter:    900, sim time: 2.942 days , wall time: 35.539 seconds, Δt:  212.4247, advective CFL: 7.18e-01, diffusive CFL: 2.12e+00
Iter:   1000, sim time: 3.159 days , wall time: 36.500 seconds, Δt:  209.0687, advective CFL: 6.97e-01, diffusive CFL: 2.09e+00
Iter:   1100, sim time: 3.372 days , wall time: 37.454 seconds, Δt:  203.9759, advective CFL: 7.40e-01, diffusive CFL: 2.04e+00
Iter:   1200, sim time: 3.583 days , wall time: 38.407 seconds, Δt:  216.5112, advective CFL: 7.76e-01, diffusive CFL: 2.17e+00
Iter:   1300, sim time: 3.792 days , wall time: 39.388 seconds, Δt:  218.1670, advective CFL: 8.16e-01, diffusive CFL: 2.18e+00
Iter:   1400, sim time: 4 days , wall time: 40.368 seconds, Δt:  206.3842, advective CFL: 7.53e-01, diffusive CFL: 2.06e+00
Iter:   1500, sim time: 4.208 days , wall time: 41.320 seconds, Δt:  191.1574, advective CFL: 7.49e-01, diffusive CFL: 1.91e+00
Iter:   1600, sim time: 4.417 days , wall time: 42.296 seconds, Δt:  191.8313, advective CFL: 8.02e-01, diffusive CFL: 1.92e+00
Iter:   1700, sim time: 4.625 days , wall time: 43.261 seconds, Δt:  205.8665, advective CFL: 7.65e-01, diffusive CFL: 2.06e+00
Iter:   1800, sim time: 4.833 days , wall time: 44.213 seconds, Δt:  209.4952, advective CFL: 8.09e-01, diffusive CFL: 2.09e+00
Iter:   1900, sim time: 5.042 days , wall time: 45.179 seconds, Δt:  204.4997, advective CFL: 7.97e-01, diffusive CFL: 2.04e+00
Iter:   2000, sim time: 5.250 days , wall time: 46.139 seconds, Δt:  210.8567, advective CFL: 7.37e-01, diffusive CFL: 2.11e+00
Iter:   2100, sim time: 5.463 days , wall time: 47.102 seconds, Δt:  216.5801, advective CFL: 7.84e-01, diffusive CFL: 2.17e+00
Iter:   2200, sim time: 5.671 days , wall time: 48.035 seconds, Δt:  195.8467, advective CFL: 7.96e-01, diffusive CFL: 1.96e+00
Iter:   2300, sim time: 5.880 days , wall time: 48.988 seconds, Δt:  214.2512, advective CFL: 8.38e-01, diffusive CFL: 2.14e+00
Iter:   2400, sim time: 6.088 days , wall time: 49.940 seconds, Δt:  205.7460, advective CFL: 8.07e-01, diffusive CFL: 2.06e+00
Iter:   2500, sim time: 6.299 days , wall time: 50.878 seconds, Δt:  202.1601, advective CFL: 8.12e-01, diffusive CFL: 2.02e+00
Iter:   2600, sim time: 6.507 days , wall time: 51.824 seconds, Δt:  214.9060, advective CFL: 8.37e-01, diffusive CFL: 2.15e+00
Iter:   2700, sim time: 6.719 days , wall time: 52.781 seconds, Δt:  227.3927, advective CFL: 9.11e-01, diffusive CFL: 2.27e+00
Iter:   2800, sim time: 6.927 days , wall time: 53.717 seconds, Δt:  217.0438, advective CFL: 8.15e-01, diffusive CFL: 2.17e+00
Iter:   2900, sim time: 7.135 days , wall time: 54.676 seconds, Δt:  205.6541, advective CFL: 7.95e-01, diffusive CFL: 2.06e+00
Iter:   3000, sim time: 7.344 days , wall time: 55.819 seconds, Δt:  216.7662, advective CFL: 8.44e-01, diffusive CFL: 2.17e+00
Iter:   3100, sim time: 7.552 days , wall time: 56.723 seconds, Δt:  206.3753, advective CFL: 7.65e-01, diffusive CFL: 2.06e+00
Iter:   3200, sim time: 7.760 days , wall time: 57.591 seconds, Δt:  185.9122, advective CFL: 7.73e-01, diffusive CFL: 1.86e+00
Iter:   3300, sim time: 7.969 days , wall time: 58.537 seconds, Δt:  193.6835, advective CFL: 8.45e-01, diffusive CFL: 1.94e+00
Iter:   3400, sim time: 8.167 days , wall time: 59.449 seconds, Δt:  180.6533, advective CFL: 8.12e-01, diffusive CFL: 1.81e+00
Iter:   3500, sim time: 8.342 days , wall time: 1.006 minutes, Δt:  178.6206, advective CFL: 8.08e-01, diffusive CFL: 1.79e+00
Iter:   3600, sim time: 8.514 days , wall time: 1.021 minutes, Δt:  165.1023, advective CFL: 7.95e-01, diffusive CFL: 1.65e+00
Iter:   3700, sim time: 8.688 days , wall time: 1.036 minutes, Δt:  166.5066, advective CFL: 7.91e-01, diffusive CFL: 1.67e+00
Iter:   3800, sim time: 8.862 days , wall time: 1.050 minutes, Δt:  170.6814, advective CFL: 8.22e-01, diffusive CFL: 1.71e+00
Iter:   3900, sim time: 9.035 days , wall time: 1.065 minutes, Δt:  171.1293, advective CFL: 7.79e-01, diffusive CFL: 1.71e+00
Iter:   4000, sim time: 9.212 days , wall time: 1.080 minutes, Δt:  173.6961, advective CFL: 7.93e-01, diffusive CFL: 1.74e+00
Iter:   4100, sim time: 9.385 days , wall time: 1.095 minutes, Δt:  178.8021, advective CFL: 8.00e-01, diffusive CFL: 1.79e+00
Iter:   4200, sim time: 9.560 days , wall time: 1.110 minutes, Δt:  172.0241, advective CFL: 8.07e-01, diffusive CFL: 1.72e+00
Iter:   4300, sim time: 9.733 days , wall time: 1.125 minutes, Δt:  167.5336, advective CFL: 7.92e-01, diffusive CFL: 1.68e+00
Iter:   4400, sim time: 9.910 days , wall time: 1.140 minutes, Δt:  170.0276, advective CFL: 7.89e-01, diffusive CFL: 1.70e+00
Iter:   4500, sim time: 10.087 days , wall time: 1.155 minutes, Δt:  175.3301, advective CFL: 8.00e-01, diffusive CFL: 1.75e+00
Iter:   4600, sim time: 10.275 days , wall time: 1.170 minutes, Δt:  178.4166, advective CFL: 7.97e-01, diffusive CFL: 1.78e+00
Iter:   4700, sim time: 10.477 days , wall time: 1.185 minutes, Δt:  188.5055, advective CFL: 8.45e-01, diffusive CFL: 1.89e+00
Iter:   4800, sim time: 10.651 days , wall time: 1.200 minutes, Δt:  162.6062, advective CFL: 8.09e-01, diffusive CFL: 1.63e+00
Iter:   4900, sim time: 10.825 days , wall time: 1.215 minutes, Δt:  155.8511, advective CFL: 7.96e-01, diffusive CFL: 1.56e+00
Iter:   5000, sim time: 10.999 days , wall time: 1.230 minutes, Δt:  169.8811, advective CFL: 7.92e-01, diffusive CFL: 1.70e+00
Iter:   5100, sim time: 11.197 days , wall time: 1.246 minutes, Δt:  204.1861, advective CFL: 8.32e-01, diffusive CFL: 2.04e+00
Iter:   5200, sim time: 11.405 days , wall time: 1.261 minutes, Δt:  195.7154, advective CFL: 8.08e-01, diffusive CFL: 1.96e+00
Iter:   5300, sim time: 11.613 days , wall time: 1.277 minutes, Δt:  198.2633, advective CFL: 8.00e-01, diffusive CFL: 1.98e+00
Iter:   5400, sim time: 11.812 days , wall time: 1.292 minutes, Δt:  169.1187, advective CFL: 8.08e-01, diffusive CFL: 1.69e+00
Iter:   5500, sim time: 11.985 days , wall time: 1.307 minutes, Δt:  166.1429, advective CFL: 7.90e-01, diffusive CFL: 1.66e+00
Iter:   5600, sim time: 12.169 days , wall time: 1.322 minutes, Δt:  192.4405, advective CFL: 7.73e-01, diffusive CFL: 1.92e+00
Iter:   5700, sim time: 12.377 days , wall time: 1.338 minutes, Δt:  193.2561, advective CFL: 7.62e-01, diffusive CFL: 1.93e+00
Iter:   5800, sim time: 12.586 days , wall time: 1.354 minutes, Δt:  204.5609, advective CFL: 8.08e-01, diffusive CFL: 2.05e+00
Iter:   5900, sim time: 12.794 days , wall time: 1.369 minutes, Δt:  194.6559, advective CFL: 7.41e-01, diffusive CFL: 1.95e+00
Iter:   6000, sim time: 12.974 days , wall time: 1.384 minutes, Δt:  161.4099, advective CFL: 7.97e-01, diffusive CFL: 1.61e+00
Iter:   6100, sim time: 13.150 days , wall time: 1.399 minutes, Δt:  183.8021, advective CFL: 7.90e-01, diffusive CFL: 1.84e+00
Iter:   6200, sim time: 13.359 days , wall time: 1.415 minutes, Δt:  206.0741, advective CFL: 8.43e-01, diffusive CFL: 2.06e+00
Iter:   6300, sim time: 13.567 days , wall time: 1.430 minutes, Δt:  200.1935, advective CFL: 7.50e-01, diffusive CFL: 2.00e+00
Iter:   6400, sim time: 13.775 days , wall time: 1.445 minutes, Δt:  198.1048, advective CFL: 7.88e-01, diffusive CFL: 1.98e+00
Iter:   6500, sim time: 13.983 days , wall time: 1.461 minutes, Δt:  181.7790, advective CFL: 7.98e-01, diffusive CFL: 1.82e+00
Iter:   6600, sim time: 14.164 days , wall time: 1.476 minutes, Δt:  169.8405, advective CFL: 7.93e-01, diffusive CFL: 1.70e+00
Iter:   6700, sim time: 14.365 days , wall time: 1.493 minutes, Δt:  201.3874, advective CFL: 8.26e-01, diffusive CFL: 2.01e+00
Iter:   6800, sim time: 14.573 days , wall time: 1.507 minutes, Δt:  211.2118, advective CFL: 8.05e-01, diffusive CFL: 2.11e+00
Iter:   6900, sim time: 14.781 days , wall time: 1.521 minutes, Δt:  206.7020, advective CFL: 8.04e-01, diffusive CFL: 2.07e+00
Iter:   7000, sim time: 14.990 days , wall time: 1.537 minutes, Δt:  205.6278, advective CFL: 8.26e-01, diffusive CFL: 2.06e+00
Iter:   7100, sim time: 15.198 days , wall time: 1.553 minutes, Δt:  199.6548, advective CFL: 7.81e-01, diffusive CFL: 2.00e+00
Iter:   7200, sim time: 15.406 days , wall time: 1.568 minutes, Δt:  201.4569, advective CFL: 8.20e-01, diffusive CFL: 2.01e+00
Iter:   7300, sim time: 15.615 days , wall time: 1.584 minutes, Δt:  193.7338, advective CFL: 7.55e-01, diffusive CFL: 1.94e+00
Iter:   7400, sim time: 15.823 days , wall time: 1.599 minutes, Δt:  207.3472, advective CFL: 8.34e-01, diffusive CFL: 2.07e+00
Iter:   7500, sim time: 16.031 days , wall time: 1.615 minutes, Δt:  213.5148, advective CFL: 8.11e-01, diffusive CFL: 2.14e+00
Iter:   7600, sim time: 16.240 days , wall time: 1.631 minutes, Δt:  205.4462, advective CFL: 8.16e-01, diffusive CFL: 2.05e+00
Iter:   7700, sim time: 16.442 days , wall time: 1.646 minutes, Δt:  204.5610, advective CFL: 8.16e-01, diffusive CFL: 2.05e+00
Iter:   7800, sim time: 16.650 days , wall time: 1.662 minutes, Δt:  195.3105, advective CFL: 7.87e-01, diffusive CFL: 1.95e+00
Iter:   7900, sim time: 16.859 days , wall time: 1.677 minutes, Δt:  201.2559, advective CFL: 8.22e-01, diffusive CFL: 2.01e+00
Iter:   8000, sim time: 17.067 days , wall time: 1.693 minutes, Δt:  197.9227, advective CFL: 8.20e-01, diffusive CFL: 1.98e+00
Iter:   8100, sim time: 17.275 days , wall time: 1.708 minutes, Δt:  194.2320, advective CFL: 7.47e-01, diffusive CFL: 1.94e+00
Iter:   8200, sim time: 17.484 days , wall time: 1.723 minutes, Δt:  220.4668, advective CFL: 8.21e-01, diffusive CFL: 2.20e+00
Iter:   8300, sim time: 17.692 days , wall time: 1.739 minutes, Δt:  200.0799, advective CFL: 7.74e-01, diffusive CFL: 2.00e+00
Iter:   8400, sim time: 17.883 days , wall time: 1.754 minutes, Δt:  175.4893, advective CFL: 7.99e-01, diffusive CFL: 1.75e+00
Iter:   8500, sim time: 18.086 days , wall time: 1.770 minutes, Δt:  203.7944, advective CFL: 8.36e-01, diffusive CFL: 2.04e+00
Iter:   8600, sim time: 18.294 days , wall time: 1.785 minutes, Δt:  197.9191, advective CFL: 7.77e-01, diffusive CFL: 1.98e+00
Iter:   8700, sim time: 18.502 days , wall time: 1.800 minutes, Δt:  199.1545, advective CFL: 7.73e-01, diffusive CFL: 1.99e+00
Iter:   8800, sim time: 18.711 days , wall time: 1.816 minutes, Δt:  207.6206, advective CFL: 7.94e-01, diffusive CFL: 2.08e+00
Iter:   8900, sim time: 18.919 days , wall time: 1.831 minutes, Δt:  194.2531, advective CFL: 8.60e-01, diffusive CFL: 1.94e+00
Iter:   9000, sim time: 19.106 days , wall time: 1.846 minutes, Δt:  200.7699, advective CFL: 7.36e-01, diffusive CFL: 2.01e+00
Iter:   9100, sim time: 19.315 days , wall time: 1.862 minutes, Δt:  185.6824, advective CFL: 8.39e-01, diffusive CFL: 1.86e+00
Iter:   9200, sim time: 19.517 days , wall time: 1.877 minutes, Δt:  202.7967, advective CFL: 7.86e-01, diffusive CFL: 2.03e+00
Iter:   9300, sim time: 19.726 days , wall time: 1.893 minutes, Δt:  198.7864, advective CFL: 8.02e-01, diffusive CFL: 1.99e+00
Iter:   9400, sim time: 19.934 days , wall time: 1.908 minutes, Δt:  199.5027, advective CFL: 7.68e-01, diffusive CFL: 2.00e+00
[ Info: Simulation is stopping after running for 1.913 minutes.
[ Info: Simulation time 20 days equals or exceeds stop time 20 days.
