[ Info: Oceananigans will use 64 threads
number of threads is 64
mainnm = 3, runnm = 5, lat = 5.0
running AMZexpt03.05
stop_time: 1.728e6; lat: 5.0; select mode: [1]
["N2w", "zfw", "lonsel", "latsel"]
Δx = 4.0 km
Δz = 37.38317757009346 m on average
EIG_AMZexpt03.05_LAT_05.0.jld2 Ueig data saved ........ 
Mode 1 wavelength is 106.6 km
fraction gauss_width/L1 is 0.150
┌ Warning: Overwriting existing /home/mbui/ModelOutput/IW/AMZexpt03.05.nc.
└ @ OceananigansNCDatasetsExt ~/.julia/packages/Oceananigans/br1rI/ext/OceananigansNCDatasetsExt/netcdf_writer.jl:191
[ Info: Initializing simulation...
Iter:      0, sim time: 0 seconds , wall time:  0 seconds, Δt:  60.0000, advective CFL: 0.00e+00, diffusive CFL: 6.00e-01
[ Info:     ... simulation initialization complete (14.238 seconds)
[ Info: Executing initial time step...
[ Info:     ... initial time step complete (9.582 seconds).
Iter:    100, sim time: 2.750 hours , wall time: 25.181 seconds, Δt:  155.6245, advective CFL: 1.02e-02, diffusive CFL: 1.56e+00
Iter:    200, sim time: 9.362 hours , wall time: 26.310 seconds, Δt:  403.6500, advective CFL: 1.02e-01, diffusive CFL: 4.04e+00
Iter:    300, sim time: 21.417 hours , wall time: 27.840 seconds, Δt:  600.0000, advective CFL: 4.19e-01, diffusive CFL: 6.00e+00
Iter:    400, sim time: 1.413 days , wall time: 29.372 seconds, Δt:  559.5964, advective CFL: 8.12e-01, diffusive CFL: 5.60e+00
Iter:    500, sim time: 1.844 days , wall time: 30.663 seconds, Δt:  402.8191, advective CFL: 9.24e-01, diffusive CFL: 4.03e+00
Iter:    600, sim time: 2.146 days , wall time: 31.783 seconds, Δt:  283.1457, advective CFL: 8.29e-01, diffusive CFL: 2.83e+00
Iter:    700, sim time: 2.403 days , wall time: 32.846 seconds, Δt:  214.4375, advective CFL: 7.99e-01, diffusive CFL: 2.14e+00
Iter:    800, sim time: 2.628 days , wall time: 33.821 seconds, Δt:  227.8454, advective CFL: 9.10e-01, diffusive CFL: 2.28e+00
Iter:    900, sim time: 2.843 days , wall time: 34.810 seconds, Δt:  212.5591, advective CFL: 8.27e-01, diffusive CFL: 2.13e+00
Iter:   1000, sim time: 3.054 days , wall time: 35.779 seconds, Δt:  201.6817, advective CFL: 8.13e-01, diffusive CFL: 2.02e+00
Iter:   1100, sim time: 3.270 days , wall time: 36.712 seconds, Δt:  206.3474, advective CFL: 7.58e-01, diffusive CFL: 2.06e+00
Iter:   1200, sim time: 3.492 days , wall time: 37.680 seconds, Δt:  228.9606, advective CFL: 8.55e-01, diffusive CFL: 2.29e+00
Iter:   1300, sim time: 3.703 days , wall time: 38.621 seconds, Δt:  215.2245, advective CFL: 8.20e-01, diffusive CFL: 2.15e+00
Iter:   1400, sim time: 3.911 days , wall time: 39.615 seconds, Δt:  214.1728, advective CFL: 7.87e-01, diffusive CFL: 2.14e+00
Iter:   1500, sim time: 4.122 days , wall time: 40.688 seconds, Δt:  225.9228, advective CFL: 8.29e-01, diffusive CFL: 2.26e+00
Iter:   1600, sim time: 4.336 days , wall time: 41.518 seconds, Δt:  243.3359, advective CFL: 9.41e-01, diffusive CFL: 2.43e+00
Iter:   1700, sim time: 4.549 days , wall time: 42.448 seconds, Δt:  201.6275, advective CFL: 8.09e-01, diffusive CFL: 2.02e+00
Iter:   1800, sim time: 4.760 days , wall time: 43.394 seconds, Δt:  190.2581, advective CFL: 7.99e-01, diffusive CFL: 1.90e+00
Iter:   1900, sim time: 4.973 days , wall time: 44.322 seconds, Δt:  192.5680, advective CFL: 7.95e-01, diffusive CFL: 1.93e+00
Iter:   2000, sim time: 5.184 days , wall time: 45.259 seconds, Δt:  194.8162, advective CFL: 7.85e-01, diffusive CFL: 1.95e+00
Iter:   2100, sim time: 5.396 days , wall time: 46.174 seconds, Δt:  203.4570, advective CFL: 7.98e-01, diffusive CFL: 2.03e+00
Iter:   2200, sim time: 5.604 days , wall time: 47.121 seconds, Δt:  195.8394, advective CFL: 7.91e-01, diffusive CFL: 1.96e+00
Iter:   2300, sim time: 5.812 days , wall time: 48.039 seconds, Δt:  188.5247, advective CFL: 7.88e-01, diffusive CFL: 1.89e+00
Iter:   2400, sim time: 6.021 days , wall time: 48.984 seconds, Δt:  205.1978, advective CFL: 8.28e-01, diffusive CFL: 2.05e+00
Iter:   2500, sim time: 6.229 days , wall time: 49.929 seconds, Δt:  201.9808, advective CFL: 8.35e-01, diffusive CFL: 2.02e+00
Iter:   2600, sim time: 6.438 days , wall time: 50.843 seconds, Δt:  210.2139, advective CFL: 7.80e-01, diffusive CFL: 2.10e+00
Iter:   2700, sim time: 6.646 days , wall time: 51.786 seconds, Δt:  207.8154, advective CFL: 8.14e-01, diffusive CFL: 2.08e+00
Iter:   2800, sim time: 6.854 days , wall time: 52.728 seconds, Δt:  201.4112, advective CFL: 8.02e-01, diffusive CFL: 2.01e+00
Iter:   2900, sim time: 7.062 days , wall time: 53.638 seconds, Δt:  193.2744, advective CFL: 7.71e-01, diffusive CFL: 1.93e+00
Iter:   3000, sim time: 7.271 days , wall time: 54.577 seconds, Δt:  194.1984, advective CFL: 7.73e-01, diffusive CFL: 1.94e+00
Iter:   3100, sim time: 7.479 days , wall time: 55.514 seconds, Δt:  198.5846, advective CFL: 8.22e-01, diffusive CFL: 1.99e+00
Iter:   3200, sim time: 7.688 days , wall time: 56.454 seconds, Δt:  203.6990, advective CFL: 8.25e-01, diffusive CFL: 2.04e+00
Iter:   3300, sim time: 7.896 days , wall time: 57.367 seconds, Δt:  199.2862, advective CFL: 8.21e-01, diffusive CFL: 1.99e+00
Iter:   3400, sim time: 8.104 days , wall time: 58.279 seconds, Δt:  212.9085, advective CFL: 8.19e-01, diffusive CFL: 2.13e+00
Iter:   3500, sim time: 8.312 days , wall time: 59.220 seconds, Δt:  202.2490, advective CFL: 8.06e-01, diffusive CFL: 2.02e+00
Iter:   3600, sim time: 8.521 days , wall time: 1.003 minutes, Δt:  203.8876, advective CFL: 7.81e-01, diffusive CFL: 2.04e+00
Iter:   3700, sim time: 8.719 days , wall time: 1.018 minutes, Δt:  178.0306, advective CFL: 7.89e-01, diffusive CFL: 1.78e+00
Iter:   3800, sim time: 8.926 days , wall time: 1.034 minutes, Δt:  203.8055, advective CFL: 7.98e-01, diffusive CFL: 2.04e+00
Iter:   3900, sim time: 9.121 days , wall time: 1.049 minutes, Δt:  176.8379, advective CFL: 7.67e-01, diffusive CFL: 1.77e+00
Iter:   4000, sim time: 9.315 days , wall time: 1.064 minutes, Δt:  180.8629, advective CFL: 8.03e-01, diffusive CFL: 1.81e+00
Iter:   4100, sim time: 9.523 days , wall time: 1.079 minutes, Δt:  198.8905, advective CFL: 8.23e-01, diffusive CFL: 1.99e+00
Iter:   4200, sim time: 9.729 days , wall time: 1.094 minutes, Δt:  179.3464, advective CFL: 7.97e-01, diffusive CFL: 1.79e+00
Iter:   4300, sim time: 9.929 days , wall time: 1.110 minutes, Δt:  202.4208, advective CFL: 8.27e-01, diffusive CFL: 2.02e+00
Iter:   4400, sim time: 10.138 days , wall time: 1.125 minutes, Δt:  204.7517, advective CFL: 8.28e-01, diffusive CFL: 2.05e+00
Iter:   4500, sim time: 10.346 days , wall time: 1.140 minutes, Δt:  189.6107, advective CFL: 8.18e-01, diffusive CFL: 1.90e+00
Iter:   4600, sim time: 10.554 days , wall time: 1.156 minutes, Δt:  203.8648, advective CFL: 8.11e-01, diffusive CFL: 2.04e+00
Iter:   4700, sim time: 10.763 days , wall time: 1.172 minutes, Δt:  196.9109, advective CFL: 7.72e-01, diffusive CFL: 1.97e+00
Iter:   4800, sim time: 10.971 days , wall time: 1.187 minutes, Δt:  190.4986, advective CFL: 7.82e-01, diffusive CFL: 1.90e+00
Iter:   4900, sim time: 11.179 days , wall time: 1.203 minutes, Δt:  196.6942, advective CFL: 8.15e-01, diffusive CFL: 1.97e+00
Iter:   5000, sim time: 11.388 days , wall time: 1.218 minutes, Δt:  199.4749, advective CFL: 8.25e-01, diffusive CFL: 1.99e+00
Iter:   5100, sim time: 11.596 days , wall time: 1.233 minutes, Δt:  210.4715, advective CFL: 8.09e-01, diffusive CFL: 2.10e+00
Iter:   5200, sim time: 11.805 days , wall time: 1.249 minutes, Δt:  209.0920, advective CFL: 8.31e-01, diffusive CFL: 2.09e+00
Iter:   5300, sim time: 12.013 days , wall time: 1.264 minutes, Δt:  201.7101, advective CFL: 8.02e-01, diffusive CFL: 2.02e+00
Iter:   5400, sim time: 12.221 days , wall time: 1.279 minutes, Δt:  198.6280, advective CFL: 7.59e-01, diffusive CFL: 1.99e+00
Iter:   5500, sim time: 12.429 days , wall time: 1.296 minutes, Δt:  200.6994, advective CFL: 7.61e-01, diffusive CFL: 2.01e+00
Iter:   5600, sim time: 12.638 days , wall time: 1.310 minutes, Δt:  200.7327, advective CFL: 8.16e-01, diffusive CFL: 2.01e+00
Iter:   5700, sim time: 12.846 days , wall time: 1.325 minutes, Δt:  196.6477, advective CFL: 8.03e-01, diffusive CFL: 1.97e+00
Iter:   5800, sim time: 13.054 days , wall time: 1.340 minutes, Δt:  183.2118, advective CFL: 7.82e-01, diffusive CFL: 1.83e+00
Iter:   5900, sim time: 13.263 days , wall time: 1.356 minutes, Δt:  199.3714, advective CFL: 7.98e-01, diffusive CFL: 1.99e+00
Iter:   6000, sim time: 13.471 days , wall time: 1.371 minutes, Δt:  180.2775, advective CFL: 8.02e-01, diffusive CFL: 1.80e+00
Iter:   6100, sim time: 13.674 days , wall time: 1.386 minutes, Δt:  200.6913, advective CFL: 8.10e-01, diffusive CFL: 2.01e+00
Iter:   6200, sim time: 13.882 days , wall time: 1.401 minutes, Δt:  197.0619, advective CFL: 8.06e-01, diffusive CFL: 1.97e+00
Iter:   6300, sim time: 14.083 days , wall time: 1.417 minutes, Δt:  184.8152, advective CFL: 7.65e-01, diffusive CFL: 1.85e+00
Iter:   6400, sim time: 14.292 days , wall time: 1.432 minutes, Δt:  199.0889, advective CFL: 7.97e-01, diffusive CFL: 1.99e+00
Iter:   6500, sim time: 14.500 days , wall time: 1.448 minutes, Δt:  180.2947, advective CFL: 7.97e-01, diffusive CFL: 1.80e+00
Iter:   6600, sim time: 14.708 days , wall time: 1.463 minutes, Δt:  198.5293, advective CFL: 8.05e-01, diffusive CFL: 1.99e+00
Iter:   6700, sim time: 14.917 days , wall time: 1.479 minutes, Δt:  198.2651, advective CFL: 8.37e-01, diffusive CFL: 1.98e+00
Iter:   6800, sim time: 15.125 days , wall time: 1.494 minutes, Δt:  196.6618, advective CFL: 8.13e-01, diffusive CFL: 1.97e+00
Iter:   6900, sim time: 15.333 days , wall time: 1.510 minutes, Δt:  214.5197, advective CFL: 8.10e-01, diffusive CFL: 2.15e+00
Iter:   7000, sim time: 15.542 days , wall time: 1.525 minutes, Δt:  202.8295, advective CFL: 8.08e-01, diffusive CFL: 2.03e+00
Iter:   7100, sim time: 15.750 days , wall time: 1.541 minutes, Δt:  207.1715, advective CFL: 8.03e-01, diffusive CFL: 2.07e+00
Iter:   7200, sim time: 15.958 days , wall time: 1.557 minutes, Δt:  189.3628, advective CFL: 8.08e-01, diffusive CFL: 1.89e+00
Iter:   7300, sim time: 16.167 days , wall time: 1.572 minutes, Δt:  192.6889, advective CFL: 8.03e-01, diffusive CFL: 1.93e+00
Iter:   7400, sim time: 16.375 days , wall time: 1.587 minutes, Δt:  194.3820, advective CFL: 8.09e-01, diffusive CFL: 1.94e+00
Iter:   7500, sim time: 16.583 days , wall time: 1.603 minutes, Δt:  195.0724, advective CFL: 8.18e-01, diffusive CFL: 1.95e+00
Iter:   7600, sim time: 16.792 days , wall time: 1.618 minutes, Δt:  206.6638, advective CFL: 8.00e-01, diffusive CFL: 2.07e+00
Iter:   7700, sim time: 17 days , wall time: 1.634 minutes, Δt:  191.4489, advective CFL: 7.87e-01, diffusive CFL: 1.91e+00
Iter:   7800, sim time: 17.208 days , wall time: 1.650 minutes, Δt:  187.4174, advective CFL: 7.87e-01, diffusive CFL: 1.87e+00
Iter:   7900, sim time: 17.417 days , wall time: 1.666 minutes, Δt:  203.3464, advective CFL: 7.90e-01, diffusive CFL: 2.03e+00
Iter:   8000, sim time: 17.625 days , wall time: 1.681 minutes, Δt:  203.8255, advective CFL: 8.37e-01, diffusive CFL: 2.04e+00
Iter:   8100, sim time: 17.833 days , wall time: 1.697 minutes, Δt:  196.4377, advective CFL: 8.06e-01, diffusive CFL: 1.96e+00
Iter:   8200, sim time: 18.042 days , wall time: 1.712 minutes, Δt:  197.8062, advective CFL: 8.07e-01, diffusive CFL: 1.98e+00
Iter:   8300, sim time: 18.250 days , wall time: 1.727 minutes, Δt:  194.6952, advective CFL: 8.02e-01, diffusive CFL: 1.95e+00
Iter:   8400, sim time: 18.458 days , wall time: 1.743 minutes, Δt:  203.0856, advective CFL: 7.77e-01, diffusive CFL: 2.03e+00
Iter:   8500, sim time: 18.667 days , wall time: 1.758 minutes, Δt:  183.2052, advective CFL: 7.83e-01, diffusive CFL: 1.83e+00
Iter:   8600, sim time: 18.875 days , wall time: 1.774 minutes, Δt:  198.3811, advective CFL: 7.86e-01, diffusive CFL: 1.98e+00
Iter:   8700, sim time: 19.083 days , wall time: 1.790 minutes, Δt:  187.5528, advective CFL: 8.18e-01, diffusive CFL: 1.88e+00
Iter:   8800, sim time: 19.292 days , wall time: 1.805 minutes, Δt:  192.1693, advective CFL: 8.10e-01, diffusive CFL: 1.92e+00
Iter:   8900, sim time: 19.500 days , wall time: 1.822 minutes, Δt:  191.7646, advective CFL: 7.98e-01, diffusive CFL: 1.92e+00
Iter:   9000, sim time: 19.708 days , wall time: 1.836 minutes, Δt:  190.3080, advective CFL: 8.05e-01, diffusive CFL: 1.90e+00
Iter:   9100, sim time: 19.917 days , wall time: 1.851 minutes, Δt:  209.4098, advective CFL: 8.35e-01, diffusive CFL: 2.09e+00
[ Info: Simulation is stopping after running for 1.857 minutes.
[ Info: Simulation time 20 days equals or exceeds stop time 20 days.
